build/outputs/logs/manifest-merger-debug-report.txt
-- Merging decision tree log ---
manifest
ADDED from xinlv\AndroidManifest.xml:2:1-31:12
	package
		ADDED from xinlv\AndroidManifest.xml:3:5-37
	android:versionName
		ADDED from xinlv\AndroidManifest.xml:5:5-30
		INJECTED from xinlv\AndroidManifest.xml
		INJECTED from xinlv\AndroidManifest.xml
	android:versionCode
		ADDED from xinlv\AndroidManifest.xml:4:5-28
		INJECTED from xinlv\AndroidManifest.xml
		INJECTED from xinlv\AndroidManifest.xml
	xmlns:android
		ADDED from xinlv\AndroidManifest.xml:2:11-69
uses-sdk
ADDED from xinlv\AndroidManifest.xml:7:5-9:41
	android:targetSdkVersion
		ADDED from xinlv\AndroidManifest.xml:9:9-38
	android:minSdkVersion
		ADDED from xinlv\AndroidManifest.xml:8:9-35
uses-permission#android.permission.WAKE_LOCK
ADDED from xinlv\AndroidManifest.xml:10:5-68
	android:name
		ADDED from xinlv\AndroidManifest.xml:10:22-65
uses-permission#android.permission.CAMERA
ADDED from xinlv\AndroidManifest.xml:11:5-65
	android:name
		ADDED from xinlv\AndroidManifest.xml:11:22-62
uses-feature#android.hardware.camera
ADDED from xinlv\AndroidManifest.xml:12:5-60
	android:name
		ADDED from xinlv\AndroidManifest.xml:12:19-57
uses-feature#android.hardware.camera.autofocus
ADDED from xinlv\AndroidManifest.xml:13:5-70
	android:name
		ADDED from xinlv\AndroidManifest.xml:13:19-67
application
ADDED from xinlv\AndroidManifest.xml:15:5-29:19
	android:label
		ADDED from xinlv\AndroidManifest.xml:18:9-41
	android:allowBackup
		ADDED from xinlv\AndroidManifest.xml:16:9-35
	android:icon
		ADDED from xinlv\AndroidManifest.xml:17:9-45
	android:theme
		ADDED from xinlv\AndroidManifest.xml:19:9-40
activity#com.lyz.xinlv.activity.MainActivity
ADDED from xinlv\AndroidManifest.xml:20:9-28:20
	android:label
		ADDED from xinlv\AndroidManifest.xml:22:13-45
	android:name
		ADDED from xinlv\AndroidManifest.xml:21:13-63
intent-filter#android.intent.action.MAIN+android.intent.category.LAUNCHER
ADDED from xinlv\AndroidManifest.xml:23:13-27:29
action#android.intent.action.MAIN
ADDED from xinlv\AndroidManifest.xml:24:17-69
	android:name
		ADDED from xinlv\AndroidManifest.xml:24:25-66
category#android.intent.category.LAUNCHER
ADDED from xinlv\AndroidManifest.xml:26:17-77
	android:name
		ADDED from xinlv\AndroidManifest.xml:26:27-74